<?xml version="1.0" encoding="UTF-8"?>
<testsuite xmlns:xsi="http://www.w3.org/2001/XMLSchema-instance" xsi:noNamespaceSchemaLocation="https://maven.apache.org/surefire/maven-surefire-plugin/xsd/surefire-test-report.xsd" name="com.microservicesPOC.UserManagementSys.Controller.UserControllerTest" time="1.12" tests="4" errors="3" skipped="0" failures="0">
  <properties>
    <property name="java.specification.version" value="17"/>
    <property name="sun.cpu.isalist" value="amd64"/>
    <property name="sun.jnu.encoding" value="Cp1252"/>
    <property name="java.class.path" value="C:\Workspace\UserManagementSys\UserManagementSys\target\test-classes;C:\Workspace\UserManagementSys\UserManagementSys\target\classes;C:\Users\USER\.m2\repository\org\springframework\boot\spring-boot-starter-data-mongodb\2.6.1\spring-boot-starter-data-mongodb-2.6.1.jar;C:\Users\USER\.m2\repository\org\springframework\boot\spring-boot-starter\2.6.1\spring-boot-starter-2.6.1.jar;C:\Users\USER\.m2\repository\org\springframework\boot\spring-boot-starter-logging\2.6.1\spring-boot-starter-logging-2.6.1.jar;C:\Users\USER\.m2\repository\ch\qos\logback\logback-classic\1.2.7\logback-classic-1.2.7.jar;C:\Users\USER\.m2\repository\ch\qos\logback\logback-core\1.2.7\logback-core-1.2.7.jar;C:\Users\USER\.m2\repository\org\apache\logging\log4j\log4j-to-slf4j\2.14.1\log4j-to-slf4j-2.14.1.jar;C:\Users\USER\.m2\repository\org\apache\logging\log4j\log4j-api\2.14.1\log4j-api-2.14.1.jar;C:\Users\USER\.m2\repository\org\slf4j\jul-to-slf4j\1.7.32\jul-to-slf4j-1.7.32.jar;C:\Users\USER\.m2\repository\jakarta\annotation\jakarta.annotation-api\1.3.5\jakarta.annotation-api-1.3.5.jar;C:\Users\USER\.m2\repository\org\yaml\snakeyaml\1.29\snakeyaml-1.29.jar;C:\Users\USER\.m2\repository\org\mongodb\mongodb-driver-sync\4.4.0\mongodb-driver-sync-4.4.0.jar;C:\Users\USER\.m2\repository\org\mongodb\bson\4.4.0\bson-4.4.0.jar;C:\Users\USER\.m2\repository\org\mongodb\mongodb-driver-core\4.4.0\mongodb-driver-core-4.4.0.jar;C:\Users\USER\.m2\repository\org\springframework\data\spring-data-mongodb\3.3.0\spring-data-mongodb-3.3.0.jar;C:\Users\USER\.m2\repository\org\springframework\spring-tx\5.3.13\spring-tx-5.3.13.jar;C:\Users\USER\.m2\repository\org\springframework\spring-context\5.3.13\spring-context-5.3.13.jar;C:\Users\USER\.m2\repository\org\springframework\spring-beans\5.3.13\spring-beans-5.3.13.jar;C:\Users\USER\.m2\repository\org\springframework\spring-expression\5.3.13\spring-expression-5.3.13.jar;C:\Users\USER\.m2\repository\org\springframework\data\spring-data-commons\2.6.0\spring-data-commons-2.6.0.jar;C:\Users\USER\.m2\repository\org\slf4j\slf4j-api\1.7.32\slf4j-api-1.7.32.jar;C:\Users\USER\.m2\repository\org\springframework\boot\spring-boot-starter-web\2.6.1\spring-boot-starter-web-2.6.1.jar;C:\Users\USER\.m2\repository\org\springframework\boot\spring-boot-starter-json\2.6.1\spring-boot-starter-json-2.6.1.jar;C:\Users\USER\.m2\repository\com\fasterxml\jackson\core\jackson-databind\2.13.0\jackson-databind-2.13.0.jar;C:\Users\USER\.m2\repository\com\fasterxml\jackson\datatype\jackson-datatype-jdk8\2.13.0\jackson-datatype-jdk8-2.13.0.jar;C:\Users\USER\.m2\repository\com\fasterxml\jackson\datatype\jackson-datatype-jsr310\2.13.0\jackson-datatype-jsr310-2.13.0.jar;C:\Users\USER\.m2\repository\com\fasterxml\jackson\module\jackson-module-parameter-names\2.13.0\jackson-module-parameter-names-2.13.0.jar;C:\Users\USER\.m2\repository\org\springframework\boot\spring-boot-starter-tomcat\2.6.1\spring-boot-starter-tomcat-2.6.1.jar;C:\Users\USER\.m2\repository\org\apache\tomcat\embed\tomcat-embed-core\9.0.55\tomcat-embed-core-9.0.55.jar;C:\Users\USER\.m2\repository\org\apache\tomcat\embed\tomcat-embed-el\9.0.55\tomcat-embed-el-9.0.55.jar;C:\Users\USER\.m2\repository\org\apache\tomcat\embed\tomcat-embed-websocket\9.0.55\tomcat-embed-websocket-9.0.55.jar;C:\Users\USER\.m2\repository\org\springframework\spring-web\5.3.13\spring-web-5.3.13.jar;C:\Users\USER\.m2\repository\org\springframework\spring-webmvc\5.3.13\spring-webmvc-5.3.13.jar;C:\Users\USER\.m2\repository\org\springframework\spring-aop\5.3.13\spring-aop-5.3.13.jar;C:\Users\USER\.m2\repository\org\springframework\cloud\spring-cloud-starter-openfeign\3.1.0-RC1\spring-cloud-starter-openfeign-3.1.0-RC1.jar;C:\Users\USER\.m2\repository\org\springframework\cloud\spring-cloud-starter\3.1.0-RC1\spring-cloud-starter-3.1.0-RC1.jar;C:\Users\USER\.m2\repository\org\springframework\cloud\spring-cloud-context\3.1.0-RC1\spring-cloud-context-3.1.0-RC1.jar;C:\Users\USER\.m2\repository\org\springframework\security\spring-security-rsa\1.0.10.RELEASE\spring-security-rsa-1.0.10.RELEASE.jar;C:\Users\USER\.m2\repository\org\bouncycastle\bcpkix-jdk15on\1.68\bcpkix-jdk15on-1.68.jar;C:\Users\USER\.m2\repository\org\bouncycastle\bcprov-jdk15on\1.68\bcprov-jdk15on-1.68.jar;C:\Users\USER\.m2\repository\org\springframework\cloud\spring-cloud-openfeign-core\3.1.0-RC1\spring-cloud-openfeign-core-3.1.0-RC1.jar;C:\Users\USER\.m2\repository\org\springframework\boot\spring-boot-starter-aop\2.6.1\spring-boot-starter-aop-2.6.1.jar;C:\Users\USER\.m2\repository\org\aspectj\aspectjweaver\1.9.7\aspectjweaver-1.9.7.jar;C:\Users\USER\.m2\repository\io\github\openfeign\form\feign-form-spring\3.8.0\feign-form-spring-3.8.0.jar;C:\Users\USER\.m2\repository\io\github\openfeign\form\feign-form\3.8.0\feign-form-3.8.0.jar;C:\Users\USER\.m2\repository\commons-fileupload\commons-fileupload\1.4\commons-fileupload-1.4.jar;C:\Users\USER\.m2\repository\commons-io\commons-io\2.2\commons-io-2.2.jar;C:\Users\USER\.m2\repository\org\springframework\cloud\spring-cloud-commons\3.1.0-RC1\spring-cloud-commons-3.1.0-RC1.jar;C:\Users\USER\.m2\repository\org\springframework\security\spring-security-crypto\5.6.0\spring-security-crypto-5.6.0.jar;C:\Users\USER\.m2\repository\io\github\openfeign\feign-core\11.7\feign-core-11.7.jar;C:\Users\USER\.m2\repository\io\github\openfeign\feign-slf4j\11.7\feign-slf4j-11.7.jar;C:\Users\USER\.m2\repository\org\springframework\cloud\spring-cloud-starter-loadbalancer\3.1.0-RC1\spring-cloud-starter-loadbalancer-3.1.0-RC1.jar;C:\Users\USER\.m2\repository\org\springframework\cloud\spring-cloud-loadbalancer\3.1.0-RC1\spring-cloud-loadbalancer-3.1.0-RC1.jar;C:\Users\USER\.m2\repository\io\projectreactor\addons\reactor-extra\3.4.5\reactor-extra-3.4.5.jar;C:\Users\USER\.m2\repository\org\springframework\boot\spring-boot-starter-cache\2.6.1\spring-boot-starter-cache-2.6.1.jar;C:\Users\USER\.m2\repository\org\springframework\spring-context-support\5.3.13\spring-context-support-5.3.13.jar;C:\Users\USER\.m2\repository\com\stoyanr\evictor\1.0.0\evictor-1.0.0.jar;C:\Users\USER\.m2\repository\org\springframework\cloud\spring-cloud-starter-netflix-eureka-client\3.1.0-RC1\spring-cloud-starter-netflix-eureka-client-3.1.0-RC1.jar;C:\Users\USER\.m2\repository\org\springframework\cloud\spring-cloud-netflix-eureka-client\3.1.0-RC1\spring-cloud-netflix-eureka-client-3.1.0-RC1.jar;C:\Users\USER\.m2\repository\com\netflix\eureka\eureka-client\1.10.16\eureka-client-1.10.16.jar;C:\Users\USER\.m2\repository\com\netflix\netflix-commons\netflix-eventbus\0.3.0\netflix-eventbus-0.3.0.jar;C:\Users\USER\.m2\repository\com\netflix\netflix-commons\netflix-infix\0.3.0\netflix-infix-0.3.0.jar;C:\Users\USER\.m2\repository\commons-jxpath\commons-jxpath\1.3\commons-jxpath-1.3.jar;C:\Users\USER\.m2\repository\joda-time\joda-time\2.3\joda-time-2.3.jar;C:\Users\USER\.m2\repository\org\antlr\antlr-runtime\3.4\antlr-runtime-3.4.jar;C:\Users\USER\.m2\repository\org\antlr\stringtemplate\3.2.1\stringtemplate-3.2.1.jar;C:\Users\USER\.m2\repository\antlr\antlr\2.7.7\antlr-2.7.7.jar;C:\Users\USER\.m2\repository\com\google\code\gson\gson\2.8.9\gson-2.8.9.jar;C:\Users\USER\.m2\repository\org\apache\commons\commons-math\2.2\commons-math-2.2.jar;C:\Users\USER\.m2\repository\com\thoughtworks\xstream\xstream\1.4.18\xstream-1.4.18.jar;C:\Users\USER\.m2\repository\io\github\x-stream\mxparser\1.2.2\mxparser-1.2.2.jar;C:\Users\USER\.m2\repository\xmlpull\xmlpull\1.1.3.1\xmlpull-1.1.3.1.jar;C:\Users\USER\.m2\repository\javax\ws\rs\jsr311-api\1.1.1\jsr311-api-1.1.1.jar;C:\Users\USER\.m2\repository\com\netflix\servo\servo-core\0.12.21\servo-core-0.12.21.jar;C:\Users\USER\.m2\repository\com\google\guava\guava\19.0\guava-19.0.jar;C:\Users\USER\.m2\repository\org\apache\httpcomponents\httpclient\4.5.13\httpclient-4.5.13.jar;C:\Users\USER\.m2\repository\org\apache\httpcomponents\httpcore\4.4.14\httpcore-4.4.14.jar;C:\Users\USER\.m2\repository\commons-codec\commons-codec\1.15\commons-codec-1.15.jar;C:\Users\USER\.m2\repository\commons-configuration\commons-configuration\1.10\commons-configuration-1.10.jar;C:\Users\USER\.m2\repository\commons-lang\commons-lang\2.6\commons-lang-2.6.jar;C:\Users\USER\.m2\repository\com\google\inject\guice\4.1.0\guice-4.1.0.jar;C:\Users\USER\.m2\repository\javax\inject\javax.inject\1\javax.inject-1.jar;C:\Users\USER\.m2\repository\aopalliance\aopalliance\1.0\aopalliance-1.0.jar;C:\Users\USER\.m2\repository\com\fasterxml\jackson\core\jackson-annotations\2.13.0\jackson-annotations-2.13.0.jar;C:\Users\USER\.m2\repository\com\fasterxml\jackson\core\jackson-core\2.13.0\jackson-core-2.13.0.jar;C:\Users\USER\.m2\repository\org\codehaus\jettison\jettison\1.4.0\jettison-1.4.0.jar;C:\Users\USER\.m2\repository\com\netflix\eureka\eureka-core\1.10.16\eureka-core-1.10.16.jar;C:\Users\USER\.m2\repository\com\fasterxml\woodstox\woodstox-core\6.2.1\woodstox-core-6.2.1.jar;C:\Users\USER\.m2\repository\org\codehaus\woodstox\stax2-api\4.2.1\stax2-api-4.2.1.jar;C:\Users\USER\.m2\repository\org\springframework\boot\spring-boot-devtools\2.6.1\spring-boot-devtools-2.6.1.jar;C:\Users\USER\.m2\repository\org\springframework\boot\spring-boot\2.6.1\spring-boot-2.6.1.jar;C:\Users\USER\.m2\repository\org\springframework\boot\spring-boot-autoconfigure\2.6.1\spring-boot-autoconfigure-2.6.1.jar;C:\Users\USER\.m2\repository\org\projectlombok\lombok\1.18.22\lombok-1.18.22.jar;C:\Users\USER\.m2\repository\org\springframework\boot\spring-boot-starter-test\2.6.1\spring-boot-starter-test-2.6.1.jar;C:\Users\USER\.m2\repository\org\springframework\boot\spring-boot-test\2.6.1\spring-boot-test-2.6.1.jar;C:\Users\USER\.m2\repository\org\springframework\boot\spring-boot-test-autoconfigure\2.6.1\spring-boot-test-autoconfigure-2.6.1.jar;C:\Users\USER\.m2\repository\com\jayway\jsonpath\json-path\2.6.0\json-path-2.6.0.jar;C:\Users\USER\.m2\repository\net\minidev\json-smart\2.4.7\json-smart-2.4.7.jar;C:\Users\USER\.m2\repository\net\minidev\accessors-smart\2.4.7\accessors-smart-2.4.7.jar;C:\Users\USER\.m2\repository\org\ow2\asm\asm\9.1\asm-9.1.jar;C:\Users\USER\.m2\repository\jakarta\xml\bind\jakarta.xml.bind-api\2.3.3\jakarta.xml.bind-api-2.3.3.jar;C:\Users\USER\.m2\repository\jakarta\activation\jakarta.activation-api\1.2.2\jakarta.activation-api-1.2.2.jar;C:\Users\USER\.m2\repository\org\assertj\assertj-core\3.21.0\assertj-core-3.21.0.jar;C:\Users\USER\.m2\repository\org\hamcrest\hamcrest\2.2\hamcrest-2.2.jar;C:\Users\USER\.m2\repository\org\junit\jupiter\junit-jupiter\5.8.1\junit-jupiter-5.8.1.jar;C:\Users\USER\.m2\repository\org\junit\jupiter\junit-jupiter-api\5.8.1\junit-jupiter-api-5.8.1.jar;C:\Users\USER\.m2\repository\org\opentest4j\opentest4j\1.2.0\opentest4j-1.2.0.jar;C:\Users\USER\.m2\repository\org\junit\platform\junit-platform-commons\1.8.1\junit-platform-commons-1.8.1.jar;C:\Users\USER\.m2\repository\org\apiguardian\apiguardian-api\1.1.2\apiguardian-api-1.1.2.jar;C:\Users\USER\.m2\repository\org\junit\jupiter\junit-jupiter-params\5.8.1\junit-jupiter-params-5.8.1.jar;C:\Users\USER\.m2\repository\org\junit\jupiter\junit-jupiter-engine\5.8.1\junit-jupiter-engine-5.8.1.jar;C:\Users\USER\.m2\repository\org\junit\platform\junit-platform-engine\1.8.1\junit-platform-engine-1.8.1.jar;C:\Users\USER\.m2\repository\org\mockito\mockito-core\4.0.0\mockito-core-4.0.0.jar;C:\Users\USER\.m2\repository\net\bytebuddy\byte-buddy\1.11.22\byte-buddy-1.11.22.jar;C:\Users\USER\.m2\repository\net\bytebuddy\byte-buddy-agent\1.11.22\byte-buddy-agent-1.11.22.jar;C:\Users\USER\.m2\repository\org\objenesis\objenesis\3.2\objenesis-3.2.jar;C:\Users\USER\.m2\repository\org\mockito\mockito-junit-jupiter\4.0.0\mockito-junit-jupiter-4.0.0.jar;C:\Users\USER\.m2\repository\org\skyscreamer\jsonassert\1.5.0\jsonassert-1.5.0.jar;C:\Users\USER\.m2\repository\com\vaadin\external\google\android-json\0.0.20131108.vaadin1\android-json-0.0.20131108.vaadin1.jar;C:\Users\USER\.m2\repository\org\springframework\spring-core\5.3.13\spring-core-5.3.13.jar;C:\Users\USER\.m2\repository\org\springframework\spring-jcl\5.3.13\spring-jcl-5.3.13.jar;C:\Users\USER\.m2\repository\org\springframework\spring-test\5.3.13\spring-test-5.3.13.jar;C:\Users\USER\.m2\repository\org\xmlunit\xmlunit-core\2.8.3\xmlunit-core-2.8.3.jar;C:\Users\USER\.m2\repository\io\projectreactor\reactor-test\3.4.12\reactor-test-3.4.12.jar;C:\Users\USER\.m2\repository\io\projectreactor\reactor-core\3.4.12\reactor-core-3.4.12.jar;C:\Users\USER\.m2\repository\org\reactivestreams\reactive-streams\1.0.3\reactive-streams-1.0.3.jar;"/>
    <property name="java.vm.vendor" value="Oracle Corporation"/>
    <property name="sun.arch.data.model" value="64"/>
    <property name="user.variant" value=""/>
    <property name="java.vendor.url" value="https://java.oracle.com/"/>
    <property name="user.timezone" value="Asia/Calcutta"/>
    <property name="os.name" value="Windows 10"/>
    <property name="java.vm.specification.version" value="17"/>
    <property name="sun.java.launcher" value="SUN_STANDARD"/>
    <property name="user.country" value="US"/>
    <property name="sun.boot.library.path" value="C:\Users\USER\.jdks\openjdk-17.0.1\bin"/>
    <property name="sun.java.command" value="C:\Users\USER\AppData\Local\Temp\surefire7686488977282903875\surefirebooter10100993745127950679.jar C:\Users\USER\AppData\Local\Temp\surefire7686488977282903875 2021-12-06T12-56-43_207-jvmRun1 surefire12931918984355600829tmp surefire_05191215578220609765tmp"/>
    <property name="jdk.debug" value="release"/>
    <property name="surefire.test.class.path" value="C:\Workspace\UserManagementSys\UserManagementSys\target\test-classes;C:\Workspace\UserManagementSys\UserManagementSys\target\classes;C:\Users\USER\.m2\repository\org\springframework\boot\spring-boot-starter-data-mongodb\2.6.1\spring-boot-starter-data-mongodb-2.6.1.jar;C:\Users\USER\.m2\repository\org\springframework\boot\spring-boot-starter\2.6.1\spring-boot-starter-2.6.1.jar;C:\Users\USER\.m2\repository\org\springframework\boot\spring-boot-starter-logging\2.6.1\spring-boot-starter-logging-2.6.1.jar;C:\Users\USER\.m2\repository\ch\qos\logback\logback-classic\1.2.7\logback-classic-1.2.7.jar;C:\Users\USER\.m2\repository\ch\qos\logback\logback-core\1.2.7\logback-core-1.2.7.jar;C:\Users\USER\.m2\repository\org\apache\logging\log4j\log4j-to-slf4j\2.14.1\log4j-to-slf4j-2.14.1.jar;C:\Users\USER\.m2\repository\org\apache\logging\log4j\log4j-api\2.14.1\log4j-api-2.14.1.jar;C:\Users\USER\.m2\repository\org\slf4j\jul-to-slf4j\1.7.32\jul-to-slf4j-1.7.32.jar;C:\Users\USER\.m2\repository\jakarta\annotation\jakarta.annotation-api\1.3.5\jakarta.annotation-api-1.3.5.jar;C:\Users\USER\.m2\repository\org\yaml\snakeyaml\1.29\snakeyaml-1.29.jar;C:\Users\USER\.m2\repository\org\mongodb\mongodb-driver-sync\4.4.0\mongodb-driver-sync-4.4.0.jar;C:\Users\USER\.m2\repository\org\mongodb\bson\4.4.0\bson-4.4.0.jar;C:\Users\USER\.m2\repository\org\mongodb\mongodb-driver-core\4.4.0\mongodb-driver-core-4.4.0.jar;C:\Users\USER\.m2\repository\org\springframework\data\spring-data-mongodb\3.3.0\spring-data-mongodb-3.3.0.jar;C:\Users\USER\.m2\repository\org\springframework\spring-tx\5.3.13\spring-tx-5.3.13.jar;C:\Users\USER\.m2\repository\org\springframework\spring-context\5.3.13\spring-context-5.3.13.jar;C:\Users\USER\.m2\repository\org\springframework\spring-beans\5.3.13\spring-beans-5.3.13.jar;C:\Users\USER\.m2\repository\org\springframework\spring-expression\5.3.13\spring-expression-5.3.13.jar;C:\Users\USER\.m2\repository\org\springframework\data\spring-data-commons\2.6.0\spring-data-commons-2.6.0.jar;C:\Users\USER\.m2\repository\org\slf4j\slf4j-api\1.7.32\slf4j-api-1.7.32.jar;C:\Users\USER\.m2\repository\org\springframework\boot\spring-boot-starter-web\2.6.1\spring-boot-starter-web-2.6.1.jar;C:\Users\USER\.m2\repository\org\springframework\boot\spring-boot-starter-json\2.6.1\spring-boot-starter-json-2.6.1.jar;C:\Users\USER\.m2\repository\com\fasterxml\jackson\core\jackson-databind\2.13.0\jackson-databind-2.13.0.jar;C:\Users\USER\.m2\repository\com\fasterxml\jackson\datatype\jackson-datatype-jdk8\2.13.0\jackson-datatype-jdk8-2.13.0.jar;C:\Users\USER\.m2\repository\com\fasterxml\jackson\datatype\jackson-datatype-jsr310\2.13.0\jackson-datatype-jsr310-2.13.0.jar;C:\Users\USER\.m2\repository\com\fasterxml\jackson\module\jackson-module-parameter-names\2.13.0\jackson-module-parameter-names-2.13.0.jar;C:\Users\USER\.m2\repository\org\springframework\boot\spring-boot-starter-tomcat\2.6.1\spring-boot-starter-tomcat-2.6.1.jar;C:\Users\USER\.m2\repository\org\apache\tomcat\embed\tomcat-embed-core\9.0.55\tomcat-embed-core-9.0.55.jar;C:\Users\USER\.m2\repository\org\apache\tomcat\embed\tomcat-embed-el\9.0.55\tomcat-embed-el-9.0.55.jar;C:\Users\USER\.m2\repository\org\apache\tomcat\embed\tomcat-embed-websocket\9.0.55\tomcat-embed-websocket-9.0.55.jar;C:\Users\USER\.m2\repository\org\springframework\spring-web\5.3.13\spring-web-5.3.13.jar;C:\Users\USER\.m2\repository\org\springframework\spring-webmvc\5.3.13\spring-webmvc-5.3.13.jar;C:\Users\USER\.m2\repository\org\springframework\spring-aop\5.3.13\spring-aop-5.3.13.jar;C:\Users\USER\.m2\repository\org\springframework\cloud\spring-cloud-starter-openfeign\3.1.0-RC1\spring-cloud-starter-openfeign-3.1.0-RC1.jar;C:\Users\USER\.m2\repository\org\springframework\cloud\spring-cloud-starter\3.1.0-RC1\spring-cloud-starter-3.1.0-RC1.jar;C:\Users\USER\.m2\repository\org\springframework\cloud\spring-cloud-context\3.1.0-RC1\spring-cloud-context-3.1.0-RC1.jar;C:\Users\USER\.m2\repository\org\springframework\security\spring-security-rsa\1.0.10.RELEASE\spring-security-rsa-1.0.10.RELEASE.jar;C:\Users\USER\.m2\repository\org\bouncycastle\bcpkix-jdk15on\1.68\bcpkix-jdk15on-1.68.jar;C:\Users\USER\.m2\repository\org\bouncycastle\bcprov-jdk15on\1.68\bcprov-jdk15on-1.68.jar;C:\Users\USER\.m2\repository\org\springframework\cloud\spring-cloud-openfeign-core\3.1.0-RC1\spring-cloud-openfeign-core-3.1.0-RC1.jar;C:\Users\USER\.m2\repository\org\springframework\boot\spring-boot-starter-aop\2.6.1\spring-boot-starter-aop-2.6.1.jar;C:\Users\USER\.m2\repository\org\aspectj\aspectjweaver\1.9.7\aspectjweaver-1.9.7.jar;C:\Users\USER\.m2\repository\io\github\openfeign\form\feign-form-spring\3.8.0\feign-form-spring-3.8.0.jar;C:\Users\USER\.m2\repository\io\github\openfeign\form\feign-form\3.8.0\feign-form-3.8.0.jar;C:\Users\USER\.m2\repository\commons-fileupload\commons-fileupload\1.4\commons-fileupload-1.4.jar;C:\Users\USER\.m2\repository\commons-io\commons-io\2.2\commons-io-2.2.jar;C:\Users\USER\.m2\repository\org\springframework\cloud\spring-cloud-commons\3.1.0-RC1\spring-cloud-commons-3.1.0-RC1.jar;C:\Users\USER\.m2\repository\org\springframework\security\spring-security-crypto\5.6.0\spring-security-crypto-5.6.0.jar;C:\Users\USER\.m2\repository\io\github\openfeign\feign-core\11.7\feign-core-11.7.jar;C:\Users\USER\.m2\repository\io\github\openfeign\feign-slf4j\11.7\feign-slf4j-11.7.jar;C:\Users\USER\.m2\repository\org\springframework\cloud\spring-cloud-starter-loadbalancer\3.1.0-RC1\spring-cloud-starter-loadbalancer-3.1.0-RC1.jar;C:\Users\USER\.m2\repository\org\springframework\cloud\spring-cloud-loadbalancer\3.1.0-RC1\spring-cloud-loadbalancer-3.1.0-RC1.jar;C:\Users\USER\.m2\repository\io\projectreactor\addons\reactor-extra\3.4.5\reactor-extra-3.4.5.jar;C:\Users\USER\.m2\repository\org\springframework\boot\spring-boot-starter-cache\2.6.1\spring-boot-starter-cache-2.6.1.jar;C:\Users\USER\.m2\repository\org\springframework\spring-context-support\5.3.13\spring-context-support-5.3.13.jar;C:\Users\USER\.m2\repository\com\stoyanr\evictor\1.0.0\evictor-1.0.0.jar;C:\Users\USER\.m2\repository\org\springframework\cloud\spring-cloud-starter-netflix-eureka-client\3.1.0-RC1\spring-cloud-starter-netflix-eureka-client-3.1.0-RC1.jar;C:\Users\USER\.m2\repository\org\springframework\cloud\spring-cloud-netflix-eureka-client\3.1.0-RC1\spring-cloud-netflix-eureka-client-3.1.0-RC1.jar;C:\Users\USER\.m2\repository\com\netflix\eureka\eureka-client\1.10.16\eureka-client-1.10.16.jar;C:\Users\USER\.m2\repository\com\netflix\netflix-commons\netflix-eventbus\0.3.0\netflix-eventbus-0.3.0.jar;C:\Users\USER\.m2\repository\com\netflix\netflix-commons\netflix-infix\0.3.0\netflix-infix-0.3.0.jar;C:\Users\USER\.m2\repository\commons-jxpath\commons-jxpath\1.3\commons-jxpath-1.3.jar;C:\Users\USER\.m2\repository\joda-time\joda-time\2.3\joda-time-2.3.jar;C:\Users\USER\.m2\repository\org\antlr\antlr-runtime\3.4\antlr-runtime-3.4.jar;C:\Users\USER\.m2\repository\org\antlr\stringtemplate\3.2.1\stringtemplate-3.2.1.jar;C:\Users\USER\.m2\repository\antlr\antlr\2.7.7\antlr-2.7.7.jar;C:\Users\USER\.m2\repository\com\google\code\gson\gson\2.8.9\gson-2.8.9.jar;C:\Users\USER\.m2\repository\org\apache\commons\commons-math\2.2\commons-math-2.2.jar;C:\Users\USER\.m2\repository\com\thoughtworks\xstream\xstream\1.4.18\xstream-1.4.18.jar;C:\Users\USER\.m2\repository\io\github\x-stream\mxparser\1.2.2\mxparser-1.2.2.jar;C:\Users\USER\.m2\repository\xmlpull\xmlpull\1.1.3.1\xmlpull-1.1.3.1.jar;C:\Users\USER\.m2\repository\javax\ws\rs\jsr311-api\1.1.1\jsr311-api-1.1.1.jar;C:\Users\USER\.m2\repository\com\netflix\servo\servo-core\0.12.21\servo-core-0.12.21.jar;C:\Users\USER\.m2\repository\com\google\guava\guava\19.0\guava-19.0.jar;C:\Users\USER\.m2\repository\org\apache\httpcomponents\httpclient\4.5.13\httpclient-4.5.13.jar;C:\Users\USER\.m2\repository\org\apache\httpcomponents\httpcore\4.4.14\httpcore-4.4.14.jar;C:\Users\USER\.m2\repository\commons-codec\commons-codec\1.15\commons-codec-1.15.jar;C:\Users\USER\.m2\repository\commons-configuration\commons-configuration\1.10\commons-configuration-1.10.jar;C:\Users\USER\.m2\repository\commons-lang\commons-lang\2.6\commons-lang-2.6.jar;C:\Users\USER\.m2\repository\com\google\inject\guice\4.1.0\guice-4.1.0.jar;C:\Users\USER\.m2\repository\javax\inject\javax.inject\1\javax.inject-1.jar;C:\Users\USER\.m2\repository\aopalliance\aopalliance\1.0\aopalliance-1.0.jar;C:\Users\USER\.m2\repository\com\fasterxml\jackson\core\jackson-annotations\2.13.0\jackson-annotations-2.13.0.jar;C:\Users\USER\.m2\repository\com\fasterxml\jackson\core\jackson-core\2.13.0\jackson-core-2.13.0.jar;C:\Users\USER\.m2\repository\org\codehaus\jettison\jettison\1.4.0\jettison-1.4.0.jar;C:\Users\USER\.m2\repository\com\netflix\eureka\eureka-core\1.10.16\eureka-core-1.10.16.jar;C:\Users\USER\.m2\repository\com\fasterxml\woodstox\woodstox-core\6.2.1\woodstox-core-6.2.1.jar;C:\Users\USER\.m2\repository\org\codehaus\woodstox\stax2-api\4.2.1\stax2-api-4.2.1.jar;C:\Users\USER\.m2\repository\org\springframework\boot\spring-boot-devtools\2.6.1\spring-boot-devtools-2.6.1.jar;C:\Users\USER\.m2\repository\org\springframework\boot\spring-boot\2.6.1\spring-boot-2.6.1.jar;C:\Users\USER\.m2\repository\org\springframework\boot\spring-boot-autoconfigure\2.6.1\spring-boot-autoconfigure-2.6.1.jar;C:\Users\USER\.m2\repository\org\projectlombok\lombok\1.18.22\lombok-1.18.22.jar;C:\Users\USER\.m2\repository\org\springframework\boot\spring-boot-starter-test\2.6.1\spring-boot-starter-test-2.6.1.jar;C:\Users\USER\.m2\repository\org\springframework\boot\spring-boot-test\2.6.1\spring-boot-test-2.6.1.jar;C:\Users\USER\.m2\repository\org\springframework\boot\spring-boot-test-autoconfigure\2.6.1\spring-boot-test-autoconfigure-2.6.1.jar;C:\Users\USER\.m2\repository\com\jayway\jsonpath\json-path\2.6.0\json-path-2.6.0.jar;C:\Users\USER\.m2\repository\net\minidev\json-smart\2.4.7\json-smart-2.4.7.jar;C:\Users\USER\.m2\repository\net\minidev\accessors-smart\2.4.7\accessors-smart-2.4.7.jar;C:\Users\USER\.m2\repository\org\ow2\asm\asm\9.1\asm-9.1.jar;C:\Users\USER\.m2\repository\jakarta\xml\bind\jakarta.xml.bind-api\2.3.3\jakarta.xml.bind-api-2.3.3.jar;C:\Users\USER\.m2\repository\jakarta\activation\jakarta.activation-api\1.2.2\jakarta.activation-api-1.2.2.jar;C:\Users\USER\.m2\repository\org\assertj\assertj-core\3.21.0\assertj-core-3.21.0.jar;C:\Users\USER\.m2\repository\org\hamcrest\hamcrest\2.2\hamcrest-2.2.jar;C:\Users\USER\.m2\repository\org\junit\jupiter\junit-jupiter\5.8.1\junit-jupiter-5.8.1.jar;C:\Users\USER\.m2\repository\org\junit\jupiter\junit-jupiter-api\5.8.1\junit-jupiter-api-5.8.1.jar;C:\Users\USER\.m2\repository\org\opentest4j\opentest4j\1.2.0\opentest4j-1.2.0.jar;C:\Users\USER\.m2\repository\org\junit\platform\junit-platform-commons\1.8.1\junit-platform-commons-1.8.1.jar;C:\Users\USER\.m2\repository\org\apiguardian\apiguardian-api\1.1.2\apiguardian-api-1.1.2.jar;C:\Users\USER\.m2\repository\org\junit\jupiter\junit-jupiter-params\5.8.1\junit-jupiter-params-5.8.1.jar;C:\Users\USER\.m2\repository\org\junit\jupiter\junit-jupiter-engine\5.8.1\junit-jupiter-engine-5.8.1.jar;C:\Users\USER\.m2\repository\org\junit\platform\junit-platform-engine\1.8.1\junit-platform-engine-1.8.1.jar;C:\Users\USER\.m2\repository\org\mockito\mockito-core\4.0.0\mockito-core-4.0.0.jar;C:\Users\USER\.m2\repository\net\bytebuddy\byte-buddy\1.11.22\byte-buddy-1.11.22.jar;C:\Users\USER\.m2\repository\net\bytebuddy\byte-buddy-agent\1.11.22\byte-buddy-agent-1.11.22.jar;C:\Users\USER\.m2\repository\org\objenesis\objenesis\3.2\objenesis-3.2.jar;C:\Users\USER\.m2\repository\org\mockito\mockito-junit-jupiter\4.0.0\mockito-junit-jupiter-4.0.0.jar;C:\Users\USER\.m2\repository\org\skyscreamer\jsonassert\1.5.0\jsonassert-1.5.0.jar;C:\Users\USER\.m2\repository\com\vaadin\external\google\android-json\0.0.20131108.vaadin1\android-json-0.0.20131108.vaadin1.jar;C:\Users\USER\.m2\repository\org\springframework\spring-core\5.3.13\spring-core-5.3.13.jar;C:\Users\USER\.m2\repository\org\springframework\spring-jcl\5.3.13\spring-jcl-5.3.13.jar;C:\Users\USER\.m2\repository\org\springframework\spring-test\5.3.13\spring-test-5.3.13.jar;C:\Users\USER\.m2\repository\org\xmlunit\xmlunit-core\2.8.3\xmlunit-core-2.8.3.jar;C:\Users\USER\.m2\repository\io\projectreactor\reactor-test\3.4.12\reactor-test-3.4.12.jar;C:\Users\USER\.m2\repository\io\projectreactor\reactor-core\3.4.12\reactor-core-3.4.12.jar;C:\Users\USER\.m2\repository\org\reactivestreams\reactive-streams\1.0.3\reactive-streams-1.0.3.jar;"/>
    <property name="sun.cpu.endian" value="little"/>
    <property name="user.home" value="C:\Users\USER"/>
    <property name="user.language" value="en"/>
    <property name="java.specification.vendor" value="Oracle Corporation"/>
    <property name="java.version.date" value="2021-10-19"/>
    <property name="java.home" value="C:\Users\USER\.jdks\openjdk-17.0.1"/>
    <property name="file.separator" value="\"/>
    <property name="basedir" value="C:\Workspace\UserManagementSys\UserManagementSys"/>
    <property name="java.vm.compressedOopsMode" value="32-bit"/>
    <property name="line.separator" value="&#10;"/>
    <property name="java.vm.specification.vendor" value="Oracle Corporation"/>
    <property name="java.specification.name" value="Java Platform API Specification"/>
    <property name="surefire.real.class.path" value="C:\Users\USER\AppData\Local\Temp\surefire7686488977282903875\surefirebooter10100993745127950679.jar"/>
    <property name="user.script" value=""/>
    <property name="sun.management.compiler" value="HotSpot 64-Bit Tiered Compilers"/>
    <property name="java.runtime.version" value="17.0.1+12-39"/>
    <property name="user.name" value="USER"/>
    <property name="path.separator" value=";"/>
    <property name="os.version" value="10.0"/>
    <property name="java.runtime.name" value="OpenJDK Runtime Environment"/>
    <property name="file.encoding" value="Cp1252"/>
    <property name="java.vm.name" value="OpenJDK 64-Bit Server VM"/>
    <property name="localRepository" value="C:\Users\USER\.m2\repository"/>
    <property name="java.vendor.url.bug" value="https://bugreport.java.com/bugreport/"/>
    <property name="java.io.tmpdir" value="C:\Users\USER\AppData\Local\Temp\"/>
    <property name="idea.version" value="2021.2.3"/>
    <property name="java.version" value="17.0.1"/>
    <property name="user.dir" value="C:\Workspace\UserManagementSys\UserManagementSys"/>
    <property name="os.arch" value="amd64"/>
    <property name="java.vm.specification.name" value="Java Virtual Machine Specification"/>
    <property name="sun.os.patch.level" value=""/>
    <property name="native.encoding" value="Cp1252"/>
    <property name="java.library.path" value="C:\Users\USER\.jdks\openjdk-17.0.1\bin;C:\Windows\Sun\Java\bin;C:\Windows\system32;C:\Windows;C:\Program Files\Common Files\Oracle\Java\javapath;C:\Windows\system32;C:\Windows;C:\Windows\System32\Wbem;C:\Windows\System32\WindowsPowerShell\v1.0\;C:\Windows\System32\OpenSSH\;C:\Users\USER\Downloads\Keyclock\keycloak-15.0.2\keycloak-15.0.2\bin;C:\Users\USER\.jdks\openjdk-17.0.1\bin;C:\Program Files\Git\cmd;C:\ProgramData\chocolatey\bin;C:\Program Files\nodejs\;C:\Program Files\MongoDB\Server\5.0\bin;C:\Users\USER\AppData\Local\Microsoft\WindowsApps;;C:\Program Files\JetBrains\IntelliJ IDEA Community Edition 2021.2.3\bin;;C:\Users\USER\AppData\Local\Programs\Microsoft VS Code\bin;C:\Users\USER\AppData\Roaming\npm;."/>
    <property name="java.vm.info" value="mixed mode, sharing"/>
    <property name="java.vendor" value="Oracle Corporation"/>
    <property name="java.vm.version" value="17.0.1+12-39"/>
    <property name="sun.io.unicode.encoding" value="UnicodeLittle"/>
    <property name="java.class.version" value="61.0"/>
  </properties>
  <testcase name="saveUser" classname="com.microservicesPOC.UserManagementSys.Controller.UserControllerTest" time="1.081">
    <error message="Cannot invoke &quot;com.microservicesPOC.UserManagementSys.Service.UserService.saveUser(com.microservicesPOC.UserManagementSys.Entity.User)&quot; because &quot;this.userService&quot; is null" type="java.lang.NullPointerException">java.lang.NullPointerException: Cannot invoke "com.microservicesPOC.UserManagementSys.Service.UserService.saveUser(com.microservicesPOC.UserManagementSys.Entity.User)" because "this.userService" is null
	at com.microservicesPOC.UserManagementSys.Controller.UserControllerTest.saveUser(UserControllerTest.java:49)
</error>
  </testcase>
  <testcase name="delete" classname="com.microservicesPOC.UserManagementSys.Controller.UserControllerTest" time="0.004">
    <error message="Cannot invoke &quot;com.microservicesPOC.UserManagementSys.Service.UserService.delete(java.lang.Long)&quot; because &quot;this.userService&quot; is null" type="java.lang.NullPointerException">java.lang.NullPointerException: Cannot invoke "com.microservicesPOC.UserManagementSys.Service.UserService.delete(java.lang.Long)" because "this.userService" is null
	at com.microservicesPOC.UserManagementSys.Controller.UserControllerTest.delete(UserControllerTest.java:68)
</error>
  </testcase>
  <testcase name="getUser" classname="com.microservicesPOC.UserManagementSys.Controller.UserControllerTest" time="0.006"/>
  <testcase name="getAllUser" classname="com.microservicesPOC.UserManagementSys.Controller.UserControllerTest" time="0.002">
    <error type="java.lang.NullPointerException">java.lang.NullPointerException
	at com.microservicesPOC.UserManagementSys.Controller.UserControllerTest.getAllUser(UserControllerTest.java:61)
</error>
  </testcase>
</testsuite>